0 info it worked if it ends with ok
1 verbose cli [ '/usr/local/bin/node', '/usr/local/bin/npm', 'run', 'live' ]
2 info using npm@3.10.3
3 info using node@v6.7.0
4 verbose run-script [ 'prelive', 'live', 'postlive' ]
5 info lifecycle solide@0.0.1~prelive: solide@0.0.1
6 silly lifecycle solide@0.0.1~prelive: no script for prelive, continuing
7 info lifecycle solide@0.0.1~live: solide@0.0.1
8 verbose lifecycle solide@0.0.1~live: unsafe-perm in lifecycle true
9 verbose lifecycle solide@0.0.1~live: PATH: /usr/local/lib/node_modules/npm/bin/node-gyp-bin:/Users/thomas/git/solide/node_modules/.bin:/usr/local/bin:/usr/local/bin:/usr/bin:/bin:/usr/sbin:/sbin:/opt/X11/bin
10 verbose lifecycle solide@0.0.1~live: CWD: /Users/thomas/git/solide
11 silly lifecycle solide@0.0.1~live: Args: [ '-c',
11 silly lifecycle   'webpack-dev-server --hot --inline --progress --colors' ]
12 silly lifecycle solide@0.0.1~live: Returned: code: 1  signal: null
13 info lifecycle solide@0.0.1~live: Failed to exec live script
14 verbose stack Error: solide@0.0.1 live: `webpack-dev-server --hot --inline --progress --colors`
14 verbose stack Exit status 1
14 verbose stack     at EventEmitter.<anonymous> (/usr/local/lib/node_modules/npm/lib/utils/lifecycle.js:242:16)
14 verbose stack     at emitTwo (events.js:106:13)
14 verbose stack     at EventEmitter.emit (events.js:191:7)
14 verbose stack     at ChildProcess.<anonymous> (/usr/local/lib/node_modules/npm/lib/utils/spawn.js:40:14)
14 verbose stack     at emitTwo (events.js:106:13)
14 verbose stack     at ChildProcess.emit (events.js:191:7)
14 verbose stack     at maybeClose (internal/child_process.js:877:16)
14 verbose stack     at Process.ChildProcess._handle.onexit (internal/child_process.js:226:5)
15 verbose pkgid solide@0.0.1
16 verbose cwd /Users/thomas/git/solide
17 error Darwin 16.0.0
18 error argv "/usr/local/bin/node" "/usr/local/bin/npm" "run" "live"
19 error node v6.7.0
20 error npm  v3.10.3
21 error code ELIFECYCLE
22 error solide@0.0.1 live: `webpack-dev-server --hot --inline --progress --colors`
22 error Exit status 1
23 error Failed at the solide@0.0.1 live script 'webpack-dev-server --hot --inline --progress --colors'.
23 error Make sure you have the latest version of node.js and npm installed.
23 error If you do, this is most likely a problem with the solide package,
23 error not with npm itself.
23 error Tell the author that this fails on your system:
23 error     webpack-dev-server --hot --inline --progress --colors
23 error You can get information on how to open an issue for this project with:
23 error     npm bugs solide
23 error Or if that isn't available, you can get their info via:
23 error     npm owner ls solide
23 error There is likely additional logging output above.
24 verbose exit [ 1, true ]
